Using pre-set license
Built from '2020.3/china_unity/release' branch; Version is '2021.3.41f1c1 (abf9ed549ceb) revision 11270637'; Using compiler version '192829333'; Build Type 'Release'
OS: 'Windows 11  (10.0.22631) 64bit CoreCountrySpecific' Language: 'zh' Physical Memory: 32492 MB
BatchMode: 1, IsHumanControllingUs: 0, StartBugReporterOnCrash: 0, Is64bit: 1, IsPro: 1

COMMAND LINE ARGUMENTS:
D:\unity_edit\2021.3.41f1c1\Editor\Unity.exe
-adb2
-batchMode
-noUpm
-name
AssetImportWorker0
-projectPath
D:/heijing/unity/other/HeadSport-Basketball/HeadSportsBasketball
-logFile
Logs/AssetImportWorker0.log
-srvPort
59935
Successfully changed project path to: D:/heijing/unity/other/HeadSport-Basketball/HeadSportsBasketball
D:/heijing/unity/other/HeadSport-Basketball/HeadSportsBasketball
[UnityMemory] Configuration Parameters - Can be set up in boot.config
    "memorysetup-bucket-allocator-granularity=16"
    "memorysetup-bucket-allocator-bucket-count=8"
    "memorysetup-bucket-allocator-block-size=33554432"
    "memorysetup-bucket-allocator-block-count=8"
    "memorysetup-main-allocator-block-size=16777216"
    "memorysetup-thread-allocator-block-size=16777216"
    "memorysetup-gfx-main-allocator-block-size=16777216"
    "memorysetup-gfx-thread-allocator-block-size=16777216"
    "memorysetup-cache-allocator-block-size=4194304"
    "memorysetup-typetree-allocator-block-size=2097152"
    "memorysetup-profiler-bucket-allocator-granularity=16"
    "memorysetup-profiler-bucket-allocator-bucket-count=8"
    "memorysetup-profiler-bucket-allocator-block-size=33554432"
    "memorysetup-profiler-bucket-allocator-block-count=8"
    "memorysetup-profiler-allocator-block-size=16777216"
    "memorysetup-profiler-editor-allocator-block-size=1048576"
    "memorysetup-temp-allocator-size-main=16777216"
    "memorysetup-job-temp-allocator-block-size=2097152"
    "memorysetup-job-temp-allocator-block-size-background=1048576"
    "memorysetup-job-temp-allocator-reduction-small-platforms=262144"
    "memorysetup-temp-allocator-size-background-worker=32768"
    "memorysetup-temp-allocator-size-job-worker=262144"
    "memorysetup-temp-allocator-size-preload-manager=33554432"
    "memorysetup-temp-allocator-size-nav-mesh-worker=65536"
    "memorysetup-temp-allocator-size-audio-worker=65536"
    "memorysetup-temp-allocator-size-cloud-worker=32768"
    "memorysetup-temp-allocator-size-gi-baking-worker=262144"
    "memorysetup-temp-allocator-size-gfx=262144"
Player connection [25276] Host "[IP] 26.26.26.1 [Port] 0 [Flags] 2 [Guid] 2048918359 [EditorId] 2048918359 [Version] 1048832 [Id] WindowsEditor(7,LAPTOP-SPE4CL1M) [Debug] 1 [PackageName] WindowsEditor [ProjectName] Editor" joined multi-casting on [225.0.0.222:54997]...

Player connection [25276] Host "[IP] 26.26.26.1 [Port] 0 [Flags] 2 [Guid] 2048918359 [EditorId] 2048918359 [Version] 1048832 [Id] WindowsEditor(7,LAPTOP-SPE4CL1M) [Debug] 1 [PackageName] WindowsEditor [ProjectName] Editor" joined alternative multi-casting on [225.0.0.222:34997]...

AS: AutoStreaming module initializing.
[Physics::Module] Initialized MultithreadedJobDispatcher with {0} workers.
Refreshing native plugins compatible for Editor in 32.49 ms, found 3 plugins.
Preloading 0 native plugins for Editor in 0.00 ms.
Initialize engine version: 2021.3.41f1c1 (abf9ed549ceb)
[Subsystems] Discovering subsystems at path D:/unity_edit/2021.3.41f1c1/Editor/Data/Resources/UnitySubsystems
[Subsystems] Discovering subsystems at path D:/heijing/unity/other/HeadSport-Basketball/HeadSportsBasketball/Assets
GfxDevice: creating device client; threaded=0; jobified=0
Direct3D:
    Version:  Direct3D 11.0 [level 11.1]
    Renderer: Intel(R) Iris(R) Xe Graphics (ID=0xa7a0)
    Vendor:   Intel
    VRAM:     16246 MB
    Driver:   31.0.101.4146
Initialize mono
Mono path[0] = 'D:/unity_edit/2021.3.41f1c1/Editor/Data/Managed'
Mono path[1] = 'D:/unity_edit/2021.3.41f1c1/Editor/Data/MonoBleedingEdge/lib/mono/unityjit-win32'
Mono config path = 'D:/unity_edit/2021.3.41f1c1/Editor/Data/MonoBleedingEdge/etc'
Using monoOptions --debugger-agent=transport=dt_socket,embedding=1,server=y,suspend=n,address=127.0.0.1:56112
Begin MonoManager ReloadAssembly
Registering precompiled unity dll's ...
Register platform support module: D:/unity_edit/2021.3.41f1c1/Editor/Data/PlaybackEngines/WebGLSupport/UnityEditor.WebGL.Extensions.dll
Register platform support module: D:/unity_edit/2021.3.41f1c1/Editor/Data/PlaybackEngines/AndroidPlayer/UnityEditor.Android.Extensions.dll
Register platform support module: D:/unity_edit/2021.3.41f1c1/Editor/Data/PlaybackEngines/WindowsStandaloneSupport/UnityEditor.WindowsStandalone.Extensions.dll
Registered in 0.002474 seconds.
Native extension for WindowsStandalone target not found
Native extension for Android target not found
Android Extension - Scanning For ADB Devices 1623 ms
Native extension for WebGL target not found
Refreshing native plugins compatible for Editor in 31.20 ms, found 3 plugins.
Preloading 0 native plugins for Editor in 0.00 ms.
Mono: successfully reloaded assembly
- Completed reload, in  2.086 seconds
Domain Reload Profiling:
	ReloadAssembly (2086ms)
		BeginReloadAssembly (70ms)
			ExecutionOrderSort (0ms)
			DisableScriptedObjects (0ms)
			BackupInstance (0ms)
			ReleaseScriptingObjects (0ms)
			CreateAndSetChildDomain (1ms)
		EndReloadAssembly (1950ms)
			LoadAssemblies (69ms)
			RebuildTransferFunctionScriptingTraits (0ms)
			SetupTypeCache (76ms)
			ReleaseScriptCaches (0ms)
			RebuildScriptCaches (19ms)
			SetupLoadedEditorAssemblies (1826ms)
				LogAssemblyErrors (0ms)
				InitializePlatformSupportModulesInManaged (1700ms)
				SetLoadedEditorAssemblies (0ms)
				RefreshPlugins (31ms)
				BeforeProcessingInitializeOnLoad (1ms)
				ProcessInitializeOnLoadAttributes (66ms)
				ProcessInitializeOnLoadMethodAttributes (28ms)
				AfterProcessingInitializeOnLoad (0ms)
				EditorAssembliesLoaded (0ms)
			ExecutionOrderSort2 (0ms)
			AwakeInstancesAfterBackupRestoration (0ms)
Platform modules already initialized, skipping
Registering precompiled user dll's ...
Registered in 0.006063 seconds.
Begin MonoManager ReloadAssembly
Native extension for WindowsStandalone target not found
Native extension for Android target not found
Native extension for WebGL target not found
Refreshing native plugins compatible for Editor in 0.46 ms, found 3 plugins.
Preloading 0 native plugins for Editor in 0.00 ms.
Package Manager log level set to [2]
[Package Manager] Server::EnsureServerProcessIsRunning -- launch failed, reason: Unity was launched with the -noUpm command-line argument
[Package Manager] Cannot connect to Unity Package Manager local server
Mono: successfully reloaded assembly
- Completed reload, in  1.306 seconds
Domain Reload Profiling:
	ReloadAssembly (1306ms)
		BeginReloadAssembly (94ms)
			ExecutionOrderSort (0ms)
			DisableScriptedObjects (4ms)
			BackupInstance (0ms)
			ReleaseScriptingObjects (0ms)
			CreateAndSetChildDomain (15ms)
		EndReloadAssembly (1130ms)
			LoadAssemblies (74ms)
			RebuildTransferFunctionScriptingTraits (0ms)
			SetupTypeCache (228ms)
			ReleaseScriptCaches (0ms)
			RebuildScriptCaches (58ms)
			SetupLoadedEditorAssemblies (751ms)
				LogAssemblyErrors (0ms)
				InitializePlatformSupportModulesInManaged (17ms)
				SetLoadedEditorAssemblies (0ms)
				RefreshPlugins (1ms)
				BeforeProcessingInitializeOnLoad (40ms)
				ProcessInitializeOnLoadAttributes (660ms)
				ProcessInitializeOnLoadMethodAttributes (30ms)
				AfterProcessingInitializeOnLoad (4ms)
				EditorAssembliesLoaded (0ms)
			ExecutionOrderSort2 (0ms)
			AwakeInstancesAfterBackupRestoration (4ms)
Platform modules already initialized, skipping
========================================================================
Worker process is ready to serve import requests
Launched and connected shader compiler UnityShaderCompiler.exe after 0.15 seconds
Refreshing native plugins compatible for Editor in 0.42 ms, found 3 plugins.
Preloading 0 native plugins for Editor in 0.00 ms.
Unloading 3183 Unused Serialized files (Serialized files now loaded: 0)
Unloading 30 unused Assets / (46.5 KB). Loaded Objects now: 3661.
Memory consumption went from 116.6 MB to 116.6 MB.
Total: 2.642300 ms (FindLiveObjects: 0.166400 ms CreateObjectMapping: 0.058800 ms MarkObjects: 2.346300 ms  DeleteObjects: 0.069900 ms)

AssetImportParameters requested are different than current active one (requested -> active):
  custom:video-decoder-ogg-theora: a1e56fd34408186e4bbccfd4996cb3dc -> 
  custom:container-muxer-webm: aa71ff27fc2769a1b78a27578f13a17b -> 
  custom:container-demuxer-webm: 4f35f7cbe854078d1ac9338744f61a02 -> 
  custom:video-encoder-webm-vp8: eb34c28f22e8b96e1ab97ce403110664 -> 
  custom:video-codec-MediaFoundation-h265: 746d11721c4dcdbdad8f713fa42b33f4 -> 
  custom:CustomObjectIndexerAttribute: bc11b3a6c3213fcdd17b65e7da85e133 -> 
  custom:audio-encoder-webm-vorbis: bf7c407c2cedff20999df2af8eb42d56 -> 
  custom:framework-win-MediaFoundation: 216162199b28c13a410421893ffa2e32 -> 
  custom:SearchIndexIgnoredProperties: e643bd26f0fe6173181afceb89e7c659 -> 
  custom:container-demuxer-ogg: 62fdf1f143b41e24485cea50d1cbac27 -> 
  custom:video-decoder-webm-vp8: 9c59270c3fd7afecdb556c50c9e8de78 -> 
  custom:audio-decoder-ogg-vorbis: bf7c407c2cedff20999df2af8eb42d56 -> 
========================================================================
Received Import Request.
  Time since last request: 606126.631596 seconds.
  path: Assets/Basketball/Scenes/MainSettings.lighting
  artifactKey: Guid(63509745f005cf5498a530a8ac82f495) Importer(815301076,1909f56bfc062723c751e8b465ee728b)
Number of updated assets reloaded before import = 0
Start importing Assets/Basketball/Scenes/MainSettings.lighting using Guid(63509745f005cf5498a530a8ac82f495) Importer(815301076,1909f56bfc062723c751e8b465ee728b) LightingSettings: switching bake backend from 1 to 0.
 -> (artifact id: '447f2ef30f1882971496829d41491b76') in 0.037519 seconds 
Number of asset objects unloaded after import = 1
========================================================================
Received Import Request.
  Time since last request: 18.058304 seconds.
  path: Assets/Basketball/Scenes/Game.unity
  artifactKey: Guid(8814d062defdf465c99d236dbdb1f9b9) Importer(815301076,1909f56bfc062723c751e8b465ee728b)
Number of updated assets reloaded before import = 0
Start importing Assets/Basketball/Scenes/Game.unity using Guid(8814d062defdf465c99d236dbdb1f9b9) Importer(815301076,1909f56bfc062723c751e8b465ee728b)  -> (artifact id: '2fae991a05529564b2cb565893a5fd82') in 0.015733 seconds 
Number of asset objects unloaded after import = 0
========================================================================
Received Import Request.
  Time since last request: 3.757365 seconds.
  path: Assets/Basketball/Scenes/Main.unity
  artifactKey: Guid(e60c188600bb2a44881c25e4c67061bb) Importer(815301076,1909f56bfc062723c751e8b465ee728b)
Number of updated assets reloaded before import = 0
Start importing Assets/Basketball/Scenes/Main.unity using Guid(e60c188600bb2a44881c25e4c67061bb) Importer(815301076,1909f56bfc062723c751e8b465ee728b)  -> (artifact id: '1266973f2e966008e7c976de9652e942') in 0.016443 seconds 
Number of asset objects unloaded after import = 0
========================================================================
Received Import Request.
  Time since last request: 166.573596 seconds.
  path: Assets/Basketball/Font/BRLNSB SDF.asset
  artifactKey: Guid(54bab304384bc1849b7f56b0fb69a31c) Importer(815301076,1909f56bfc062723c751e8b465ee728b)
Number of updated assets reloaded before import = 0
Start importing Assets/Basketball/Font/BRLNSB SDF.asset using Guid(54bab304384bc1849b7f56b0fb69a31c) Importer(815301076,1909f56bfc062723c751e8b465ee728b)  -> (artifact id: 'de6f3b2408dfac13d0389d47f980636e') in 0.107432 seconds 
Number of asset objects unloaded after import = 6
========================================================================
Received Import Request.
  Time since last request: 0.000032 seconds.
  path: Assets/Basketball/Font/STHUPO SDF.asset
  artifactKey: Guid(39b43ccdf71b4ff4fa7c8e6c5f88ad47) Importer(815301076,1909f56bfc062723c751e8b465ee728b)
Number of updated assets reloaded before import = 0
Start importing Assets/Basketball/Font/STHUPO SDF.asset using Guid(39b43ccdf71b4ff4fa7c8e6c5f88ad47) Importer(815301076,1909f56bfc062723c751e8b465ee728b)  -> (artifact id: '046261015da8b49a16ab906981579064') in 0.042425 seconds 
Number of asset objects unloaded after import = 6
========================================================================
Received Import Request.
  Time since last request: 24.858263 seconds.
  path: Assets/Basketball/Font/STHUPO SDF.asset
  artifactKey: Guid(39b43ccdf71b4ff4fa7c8e6c5f88ad47) Importer(815301076,1909f56bfc062723c751e8b465ee728b)
Number of updated assets reloaded before import = 0
Start importing Assets/Basketball/Font/STHUPO SDF.asset using Guid(39b43ccdf71b4ff4fa7c8e6c5f88ad47) Importer(815301076,1909f56bfc062723c751e8b465ee728b)  -> (artifact id: 'becd2a1365bb61eb0c2a27450cf73adb') in 0.053586 seconds 
Number of asset objects unloaded after import = 6
========================================================================
Received Import Request.
  Time since last request: 55.478848 seconds.
  path: Assets/Basketball/Sprites/99bfe00c28b7114aa13f91eea40f24b.png
  artifactKey: Guid(d50d042d306db674da0994e4dda87e0c) Importer(815301076,1909f56bfc062723c751e8b465ee728b)
Number of updated assets reloaded before import = 0
Start importing Assets/Basketball/Sprites/99bfe00c28b7114aa13f91eea40f24b.png using Guid(d50d042d306db674da0994e4dda87e0c) Importer(815301076,1909f56bfc062723c751e8b465ee728b)  -> (artifact id: '02d26b6b2022056dd9ea33e48fb4fdea') in 0.036431 seconds 
Number of asset objects unloaded after import = 3
========================================================================
Received Import Request.
  Time since last request: 0.000019 seconds.
  path: Assets/Basketball/Sprites/e5e0f13a4ec6fa4539500d557ff0137.png
  artifactKey: Guid(5e1e7c59a437c554d96b6256805b27fb) Importer(815301076,1909f56bfc062723c751e8b465ee728b)
Number of updated assets reloaded before import = 0
Start importing Assets/Basketball/Sprites/e5e0f13a4ec6fa4539500d557ff0137.png using Guid(5e1e7c59a437c554d96b6256805b27fb) Importer(815301076,1909f56bfc062723c751e8b465ee728b)  -> (artifact id: 'e4ddcf43e2b9cc5bcfd48642da815264') in 0.047142 seconds 
Number of asset objects unloaded after import = 3
========================================================================
Received Import Request.
  Time since last request: 8.426927 seconds.
  path: Assets/Basketball/Sprites/Balls/Balls.psd
  artifactKey: Guid(f6b9aef1629a2f14ab023fa8bc6b73b8) Importer(815301076,1909f56bfc062723c751e8b465ee728b)
Number of updated assets reloaded before import = 0
Start importing Assets/Basketball/Sprites/Balls/Balls.psd using Guid(f6b9aef1629a2f14ab023fa8bc6b73b8) Importer(815301076,1909f56bfc062723c751e8b465ee728b)  -> (artifact id: '9275d354fb9f479e51551ba95776fd62') in 0.051043 seconds 
Number of asset objects unloaded after import = 18
========================================================================
Received Import Request.
  Time since last request: 0.299331 seconds.
  path: Assets/Basketball/Sprites/Balls/hitEffect.prefab
  artifactKey: Guid(d37352a7072827d43aae46750ca492a7) Importer(815301076,1909f56bfc062723c751e8b465ee728b)
Number of updated assets reloaded before import = 0
Start importing Assets/Basketball/Sprites/Balls/hitEffect.prefab using Guid(d37352a7072827d43aae46750ca492a7) Importer(815301076,1909f56bfc062723c751e8b465ee728b)  -> (artifact id: 'c3780cd8a16ea37f3d4d04e4e452e0c9') in 0.060749 seconds 
Number of asset objects unloaded after import = 17
========================================================================
Received Import Request.
  Time since last request: 0.000026 seconds.
  path: Assets/Basketball/Sprites/Balls/trail.png
  artifactKey: Guid(ca63a595b32e5a5469a4bcf5abee7250) Importer(815301076,1909f56bfc062723c751e8b465ee728b)
Number of updated assets reloaded before import = 0
Start importing Assets/Basketball/Sprites/Balls/trail.png using Guid(ca63a595b32e5a5469a4bcf5abee7250) Importer(815301076,1909f56bfc062723c751e8b465ee728b)  -> (artifact id: 'dc8dbd9bf9f7740f5e5c96103f075643') in 0.028669 seconds 
Number of asset objects unloaded after import = 3
========================================================================
Received Import Request.
  Time since last request: 7.684156 seconds.
  path: Assets/Basketball/Sprites/InGame/Basket1.png
  artifactKey: Guid(e2bf6fc9651b3f94ea4c23a57f4bb038) Importer(815301076,1909f56bfc062723c751e8b465ee728b)
Number of updated assets reloaded before import = 0
Start importing Assets/Basketball/Sprites/InGame/Basket1.png using Guid(e2bf6fc9651b3f94ea4c23a57f4bb038) Importer(815301076,1909f56bfc062723c751e8b465ee728b)  -> (artifact id: 'e7b39425cbd28aa0d18a2c52e8ed5df6') in 0.025940 seconds 
Number of asset objects unloaded after import = 3
========================================================================
Received Import Request.
  Time since last request: 0.334953 seconds.
  path: Assets/Basketball/Sprites/InGame/StaduimDay.png
  artifactKey: Guid(48b867d038eec694d9d2a803536f2778) Importer(815301076,1909f56bfc062723c751e8b465ee728b)
Number of updated assets reloaded before import = 0
Start importing Assets/Basketball/Sprites/InGame/StaduimDay.png using Guid(48b867d038eec694d9d2a803536f2778) Importer(815301076,1909f56bfc062723c751e8b465ee728b)  -> (artifact id: '5bff08e72f46b5634fc831561c3c0f61') in 0.099537 seconds 
Number of asset objects unloaded after import = 3
========================================================================
Received Import Request.
  Time since last request: 0.130478 seconds.
  path: Assets/Basketball/Sprites/Menu/MenuAboutUsBtn.png
  artifactKey: Guid(f776b0de201f4a24e9eeb19c10962493) Importer(815301076,1909f56bfc062723c751e8b465ee728b)
Number of updated assets reloaded before import = 0
Start importing Assets/Basketball/Sprites/Menu/MenuAboutUsBtn.png using Guid(f776b0de201f4a24e9eeb19c10962493) Importer(815301076,1909f56bfc062723c751e8b465ee728b)  -> (artifact id: '2a60608f98440806e9fb6138f0927c3c') in 0.024012 seconds 
Number of asset objects unloaded after import = 3
========================================================================
Received Import Request.
  Time since last request: 0.342302 seconds.
  path: Assets/Basketball/Sprites/Menu/MenuMusicOnBtn.png
  artifactKey: Guid(9cf535f932229fa4495b5b5f5fee2c42) Importer(815301076,1909f56bfc062723c751e8b465ee728b)
Number of updated assets reloaded before import = 0
Start importing Assets/Basketball/Sprites/Menu/MenuMusicOnBtn.png using Guid(9cf535f932229fa4495b5b5f5fee2c42) Importer(815301076,1909f56bfc062723c751e8b465ee728b)  -> (artifact id: 'f12cb02ed4ea58fbe6829d54f0ad5a8e') in 0.031085 seconds 
Number of asset objects unloaded after import = 3
========================================================================
Received Import Request.
  Time since last request: 0.000054 seconds.
  path: Assets/Basketball/Sprites/Menu/MenuSoundOffBtn.png
  artifactKey: Guid(15125815d39d36347b1bd6f98c35e2c2) Importer(815301076,1909f56bfc062723c751e8b465ee728b)
Number of updated assets reloaded before import = 0
Start importing Assets/Basketball/Sprites/Menu/MenuSoundOffBtn.png using Guid(15125815d39d36347b1bd6f98c35e2c2) Importer(815301076,1909f56bfc062723c751e8b465ee728b)  -> (artifact id: '48fb3e198b210cef75f1f61c387423e0') in 0.029352 seconds 
Number of asset objects unloaded after import = 3
========================================================================
Received Import Request.
  Time since last request: 0.000030 seconds.
  path: Assets/Basketball/Sprites/Menu/MenuSoundOnBtn.png
  artifactKey: Guid(ac2aae5ff5fa6234490da9eda6087f38) Importer(815301076,1909f56bfc062723c751e8b465ee728b)
Number of updated assets reloaded before import = 0
Start importing Assets/Basketball/Sprites/Menu/MenuSoundOnBtn.png using Guid(ac2aae5ff5fa6234490da9eda6087f38) Importer(815301076,1909f56bfc062723c751e8b465ee728b)  -> (artifact id: 'dd0081a343d70df03e4aba22a9840dbd') in 0.026776 seconds 
Number of asset objects unloaded after import = 3
========================================================================
Received Import Request.
  Time since last request: 1.643014 seconds.
  path: Assets/Basketball/Sprites/Pause/PauseBtn.png
  artifactKey: Guid(243b2ebee95c3984f90399ea90909b54) Importer(815301076,1909f56bfc062723c751e8b465ee728b)
Number of updated assets reloaded before import = 0
Start importing Assets/Basketball/Sprites/Pause/PauseBtn.png using Guid(243b2ebee95c3984f90399ea90909b54) Importer(815301076,1909f56bfc062723c751e8b465ee728b)  -> (artifact id: '017221d013008a9cc01c625ba6615460') in 0.024263 seconds 
Number of asset objects unloaded after import = 3
========================================================================
Received Import Request.
  Time since last request: 0.000031 seconds.
  path: Assets/Basketball/Sprites/Pause/RestartBtn.png
  artifactKey: Guid(474fd3df9a93c88439ab4681268dd1fa) Importer(815301076,1909f56bfc062723c751e8b465ee728b)
Number of updated assets reloaded before import = 0
Start importing Assets/Basketball/Sprites/Pause/RestartBtn.png using Guid(474fd3df9a93c88439ab4681268dd1fa) Importer(815301076,1909f56bfc062723c751e8b465ee728b)  -> (artifact id: '2437f43eceae48308ed74a4f8974d173') in 0.025333 seconds 
Number of asset objects unloaded after import = 3
Editor requested this worker to shutdown with reason: Scaling down because of idle timeout
AssetImportWorkerClient::OnTransportError - code=2 error=End of file
AssetImportWorker is now disconnected from the server
Process exiting
Exiting without the bug reporter. Application will terminate with return code 0