Using pre-set license
Built from '2020.3/china_unity/release' branch; Version is '2021.3.41f1c1 (abf9ed549ceb) revision 11270637'; Using compiler version '192829333'; Build Type 'Release'
OS: 'Windows 11  (10.0.22631) 64bit CoreCountrySpecific' Language: 'zh' Physical Memory: 32492 MB
BatchMode: 1, IsHumanControllingUs: 0, StartBugReporterOnCrash: 0, Is64bit: 1, IsPro: 1

COMMAND LINE ARGUMENTS:
D:\unity_edit\2021.3.41f1c1\Editor\Unity.exe
-adb2
-batchMode
-noUpm
-name
AssetImportWorker1
-projectPath
D:/heijing/unity/other/HeadSport-Basketball/HeadSportsBasketball
-logFile
Logs/AssetImportWorker1.log
-srvPort
59935
Successfully changed project path to: D:/heijing/unity/other/HeadSport-Basketball/HeadSportsBasketball
D:/heijing/unity/other/HeadSport-Basketball/HeadSportsBasketball
[UnityMemory] Configuration Parameters - Can be set up in boot.config
    "memorysetup-bucket-allocator-granularity=16"
    "memorysetup-bucket-allocator-bucket-count=8"
    "memorysetup-bucket-allocator-block-size=33554432"
    "memorysetup-bucket-allocator-block-count=8"
    "memorysetup-main-allocator-block-size=16777216"
    "memorysetup-thread-allocator-block-size=16777216"
    "memorysetup-gfx-main-allocator-block-size=16777216"
    "memorysetup-gfx-thread-allocator-block-size=16777216"
    "memorysetup-cache-allocator-block-size=4194304"
    "memorysetup-typetree-allocator-block-size=2097152"
    "memorysetup-profiler-bucket-allocator-granularity=16"
    "memorysetup-profiler-bucket-allocator-bucket-count=8"
    "memorysetup-profiler-bucket-allocator-block-size=33554432"
    "memorysetup-profiler-bucket-allocator-block-count=8"
    "memorysetup-profiler-allocator-block-size=16777216"
    "memorysetup-profiler-editor-allocator-block-size=1048576"
    "memorysetup-temp-allocator-size-main=16777216"
    "memorysetup-job-temp-allocator-block-size=2097152"
    "memorysetup-job-temp-allocator-block-size-background=1048576"
    "memorysetup-job-temp-allocator-reduction-small-platforms=262144"
    "memorysetup-temp-allocator-size-background-worker=32768"
    "memorysetup-temp-allocator-size-job-worker=262144"
    "memorysetup-temp-allocator-size-preload-manager=33554432"
    "memorysetup-temp-allocator-size-nav-mesh-worker=65536"
    "memorysetup-temp-allocator-size-audio-worker=65536"
    "memorysetup-temp-allocator-size-cloud-worker=32768"
    "memorysetup-temp-allocator-size-gi-baking-worker=262144"
    "memorysetup-temp-allocator-size-gfx=262144"
Player connection [2684] Host "[IP] 26.26.26.1 [Port] 0 [Flags] 2 [Guid] 4088182104 [EditorId] 4088182104 [Version] 1048832 [Id] WindowsEditor(7,LAPTOP-SPE4CL1M) [Debug] 1 [PackageName] WindowsEditor [ProjectName] Editor" joined multi-casting on [225.0.0.222:54997]...

Player connection [2684] Host "[IP] 26.26.26.1 [Port] 0 [Flags] 2 [Guid] 4088182104 [EditorId] 4088182104 [Version] 1048832 [Id] WindowsEditor(7,LAPTOP-SPE4CL1M) [Debug] 1 [PackageName] WindowsEditor [ProjectName] Editor" joined alternative multi-casting on [225.0.0.222:34997]...

AS: AutoStreaming module initializing.
[Physics::Module] Initialized MultithreadedJobDispatcher with {0} workers.
Refreshing native plugins compatible for Editor in 34.29 ms, found 3 plugins.
Preloading 0 native plugins for Editor in 0.00 ms.
Initialize engine version: 2021.3.41f1c1 (abf9ed549ceb)
[Subsystems] Discovering subsystems at path D:/unity_edit/2021.3.41f1c1/Editor/Data/Resources/UnitySubsystems
[Subsystems] Discovering subsystems at path D:/heijing/unity/other/HeadSport-Basketball/HeadSportsBasketball/Assets
GfxDevice: creating device client; threaded=0; jobified=0
Direct3D:
    Version:  Direct3D 11.0 [level 11.1]
    Renderer: Intel(R) Iris(R) Xe Graphics (ID=0xa7a0)
    Vendor:   Intel
    VRAM:     16246 MB
    Driver:   31.0.101.4146
Initialize mono
Mono path[0] = 'D:/unity_edit/2021.3.41f1c1/Editor/Data/Managed'
Mono path[1] = 'D:/unity_edit/2021.3.41f1c1/Editor/Data/MonoBleedingEdge/lib/mono/unityjit-win32'
Mono config path = 'D:/unity_edit/2021.3.41f1c1/Editor/Data/MonoBleedingEdge/etc'
Using monoOptions --debugger-agent=transport=dt_socket,embedding=1,server=y,suspend=n,address=127.0.0.1:56492
Begin MonoManager ReloadAssembly
Registering precompiled unity dll's ...
Register platform support module: D:/unity_edit/2021.3.41f1c1/Editor/Data/PlaybackEngines/WebGLSupport/UnityEditor.WebGL.Extensions.dll
Register platform support module: D:/unity_edit/2021.3.41f1c1/Editor/Data/PlaybackEngines/AndroidPlayer/UnityEditor.Android.Extensions.dll
Register platform support module: D:/unity_edit/2021.3.41f1c1/Editor/Data/PlaybackEngines/WindowsStandaloneSupport/UnityEditor.WindowsStandalone.Extensions.dll
Registered in 0.002266 seconds.
Native extension for WindowsStandalone target not found
Native extension for Android target not found
Android Extension - Scanning For ADB Devices 1619 ms
Native extension for WebGL target not found
Refreshing native plugins compatible for Editor in 31.99 ms, found 3 plugins.
Preloading 0 native plugins for Editor in 0.00 ms.
Mono: successfully reloaded assembly
- Completed reload, in  2.081 seconds
Domain Reload Profiling:
	ReloadAssembly (2081ms)
		BeginReloadAssembly (68ms)
			ExecutionOrderSort (0ms)
			DisableScriptedObjects (0ms)
			BackupInstance (0ms)
			ReleaseScriptingObjects (0ms)
			CreateAndSetChildDomain (0ms)
		EndReloadAssembly (1950ms)
			LoadAssemblies (66ms)
			RebuildTransferFunctionScriptingTraits (0ms)
			SetupTypeCache (73ms)
			ReleaseScriptCaches (0ms)
			RebuildScriptCaches (20ms)
			SetupLoadedEditorAssemblies (1827ms)
				LogAssemblyErrors (0ms)
				InitializePlatformSupportModulesInManaged (1696ms)
				SetLoadedEditorAssemblies (0ms)
				RefreshPlugins (32ms)
				BeforeProcessingInitializeOnLoad (1ms)
				ProcessInitializeOnLoadAttributes (66ms)
				ProcessInitializeOnLoadMethodAttributes (31ms)
				AfterProcessingInitializeOnLoad (0ms)
				EditorAssembliesLoaded (0ms)
			ExecutionOrderSort2 (0ms)
			AwakeInstancesAfterBackupRestoration (0ms)
Platform modules already initialized, skipping
Registering precompiled user dll's ...
Registered in 0.006033 seconds.
Begin MonoManager ReloadAssembly
Native extension for WindowsStandalone target not found
Native extension for Android target not found
Native extension for WebGL target not found
Refreshing native plugins compatible for Editor in 0.44 ms, found 3 plugins.
Preloading 0 native plugins for Editor in 0.00 ms.
Package Manager log level set to [2]
[Package Manager] Server::EnsureServerProcessIsRunning -- launch failed, reason: Unity was launched with the -noUpm command-line argument
[Package Manager] Cannot connect to Unity Package Manager local server
Mono: successfully reloaded assembly
- Completed reload, in  1.257 seconds
Domain Reload Profiling:
	ReloadAssembly (1258ms)
		BeginReloadAssembly (101ms)
			ExecutionOrderSort (0ms)
			DisableScriptedObjects (7ms)
			BackupInstance (0ms)
			ReleaseScriptingObjects (0ms)
			CreateAndSetChildDomain (18ms)
		EndReloadAssembly (1060ms)
			LoadAssemblies (72ms)
			RebuildTransferFunctionScriptingTraits (0ms)
			SetupTypeCache (200ms)
			ReleaseScriptCaches (0ms)
			RebuildScriptCaches (35ms)
			SetupLoadedEditorAssemblies (740ms)
				LogAssemblyErrors (0ms)
				InitializePlatformSupportModulesInManaged (15ms)
				SetLoadedEditorAssemblies (0ms)
				RefreshPlugins (0ms)
				BeforeProcessingInitializeOnLoad (39ms)
				ProcessInitializeOnLoadAttributes (639ms)
				ProcessInitializeOnLoadMethodAttributes (42ms)
				AfterProcessingInitializeOnLoad (4ms)
				EditorAssembliesLoaded (0ms)
			ExecutionOrderSort2 (0ms)
			AwakeInstancesAfterBackupRestoration (5ms)
Platform modules already initialized, skipping
========================================================================
Worker process is ready to serve import requests
Launched and connected shader compiler UnityShaderCompiler.exe after 0.16 seconds
Refreshing native plugins compatible for Editor in 0.44 ms, found 3 plugins.
Preloading 0 native plugins for Editor in 0.00 ms.
Unloading 3183 Unused Serialized files (Serialized files now loaded: 0)
Unloading 30 unused Assets / (46.8 KB). Loaded Objects now: 3661.
Memory consumption went from 116.6 MB to 116.6 MB.
Total: 2.377200 ms (FindLiveObjects: 0.162400 ms CreateObjectMapping: 0.059400 ms MarkObjects: 2.082900 ms  DeleteObjects: 0.071600 ms)

AssetImportParameters requested are different than current active one (requested -> active):
  custom:video-decoder-ogg-theora: a1e56fd34408186e4bbccfd4996cb3dc -> 
  custom:container-muxer-webm: aa71ff27fc2769a1b78a27578f13a17b -> 
  custom:container-demuxer-webm: 4f35f7cbe854078d1ac9338744f61a02 -> 
  custom:video-encoder-webm-vp8: eb34c28f22e8b96e1ab97ce403110664 -> 
  custom:video-codec-MediaFoundation-h265: 746d11721c4dcdbdad8f713fa42b33f4 -> 
  custom:CustomObjectIndexerAttribute: bc11b3a6c3213fcdd17b65e7da85e133 -> 
  custom:audio-encoder-webm-vorbis: bf7c407c2cedff20999df2af8eb42d56 -> 
  custom:framework-win-MediaFoundation: 216162199b28c13a410421893ffa2e32 -> 
  custom:SearchIndexIgnoredProperties: e643bd26f0fe6173181afceb89e7c659 -> 
  custom:container-demuxer-ogg: 62fdf1f143b41e24485cea50d1cbac27 -> 
  custom:video-decoder-webm-vp8: 9c59270c3fd7afecdb556c50c9e8de78 -> 
  custom:audio-decoder-ogg-vorbis: bf7c407c2cedff20999df2af8eb42d56 -> 
========================================================================
Received Import Request.
  Time since last request: 606315.095168 seconds.
  path: Assets/Basketball/Font/BRLNSB.TTF
  artifactKey: Guid(a11888aa87f92354bba548b2adbfa1c7) Importer(815301076,1909f56bfc062723c751e8b465ee728b)
Number of updated assets reloaded before import = 0
Start importing Assets/Basketball/Font/BRLNSB.TTF using Guid(a11888aa87f92354bba548b2adbfa1c7) Importer(815301076,1909f56bfc062723c751e8b465ee728b)  -> (artifact id: '64a84e2e262cc69536969847a70a2f6b') in 0.114919 seconds 
Number of asset objects unloaded after import = 4
========================================================================
Received Import Request.
  Time since last request: 0.000039 seconds.
  path: Assets/Basketball/Font/STHUPO.TTF
  artifactKey: Guid(4db11b52e48883f46a84b016a0531db6) Importer(815301076,1909f56bfc062723c751e8b465ee728b)
Number of updated assets reloaded before import = 0
Start importing Assets/Basketball/Font/STHUPO.TTF using Guid(4db11b52e48883f46a84b016a0531db6) Importer(815301076,1909f56bfc062723c751e8b465ee728b)  -> (artifact id: '0f7a91ce51e1034d5343136335d0a2db') in 0.029916 seconds 
Number of asset objects unloaded after import = 4
========================================================================
Received Import Request.
  Time since last request: 80.397404 seconds.
  path: Assets/Basketball/Sprites/b69e5de8e36c1508cafd2fa7141e954.png
  artifactKey: Guid(895b3198980b5414c940cc6806048e6f) Importer(815301076,1909f56bfc062723c751e8b465ee728b)
Number of updated assets reloaded before import = 0
Start importing Assets/Basketball/Sprites/b69e5de8e36c1508cafd2fa7141e954.png using Guid(895b3198980b5414c940cc6806048e6f) Importer(815301076,1909f56bfc062723c751e8b465ee728b)  -> (artifact id: 'bc9cac3eee2dd4266f85fe872b148a83') in 0.056821 seconds 
Number of asset objects unloaded after import = 3
========================================================================
Received Import Request.
  Time since last request: 8.454454 seconds.
  path: Assets/Basketball/Sprites/Balls/BallShadow.png
  artifactKey: Guid(3dd4ea1689e55694aa9ceffd0e47fc32) Importer(815301076,1909f56bfc062723c751e8b465ee728b)
Number of updated assets reloaded before import = 0
Start importing Assets/Basketball/Sprites/Balls/BallShadow.png using Guid(3dd4ea1689e55694aa9ceffd0e47fc32) Importer(815301076,1909f56bfc062723c751e8b465ee728b)  -> (artifact id: 'b9ea20c7cd524fb2f0cf8e2ad909032d') in 0.020756 seconds 
Number of asset objects unloaded after import = 3
========================================================================
Received Import Request.
  Time since last request: 0.329245 seconds.
  path: Assets/Basketball/Sprites/Balls/hitEffect.png
  artifactKey: Guid(8d17b90fedcb67e4e9d3cc3191c2be7c) Importer(815301076,1909f56bfc062723c751e8b465ee728b)
Number of updated assets reloaded before import = 0
Start importing Assets/Basketball/Sprites/Balls/hitEffect.png using Guid(8d17b90fedcb67e4e9d3cc3191c2be7c) Importer(815301076,1909f56bfc062723c751e8b465ee728b)  -> (artifact id: 'd56f50ba3251e6d0c7d8a613403ab0aa') in 0.055951 seconds 
Number of asset objects unloaded after import = 12
========================================================================
Received Import Request.
  Time since last request: 0.000023 seconds.
  path: Assets/Basketball/Sprites/Balls/BallTrail.mat
  artifactKey: Guid(df36d3a5a19ba4240a6ec369f5b6ccbe) Importer(815301076,1909f56bfc062723c751e8b465ee728b)
Number of updated assets reloaded before import = 0
Start importing Assets/Basketball/Sprites/Balls/BallTrail.mat using Guid(df36d3a5a19ba4240a6ec369f5b6ccbe) Importer(815301076,1909f56bfc062723c751e8b465ee728b)  -> (artifact id: '8aa2d4af68bf51ec61ced5dcc00056be') in 0.081827 seconds 
Number of asset objects unloaded after import = 2
========================================================================
Received Import Request.
  Time since last request: 7.636241 seconds.
  path: Assets/Basketball/Sprites/InGame/Basket233.png
  artifactKey: Guid(cbcb4df6eaca9c441972a2b3585cf523) Importer(815301076,1909f56bfc062723c751e8b465ee728b)
Number of updated assets reloaded before import = 0
Start importing Assets/Basketball/Sprites/InGame/Basket233.png using Guid(cbcb4df6eaca9c441972a2b3585cf523) Importer(815301076,1909f56bfc062723c751e8b465ee728b)  -> (artifact id: '16dac2bdea884c3cfef90073d3cbc2e6') in 0.022902 seconds 
Number of asset objects unloaded after import = 3
========================================================================
Received Import Request.
  Time since last request: 0.337125 seconds.
  path: Assets/Basketball/Sprites/InGame/Ground2.png
  artifactKey: Guid(c8fc5b598e9266342b27c432046a3bb9) Importer(815301076,1909f56bfc062723c751e8b465ee728b)
Number of updated assets reloaded before import = 0
Start importing Assets/Basketball/Sprites/InGame/Ground2.png using Guid(c8fc5b598e9266342b27c432046a3bb9) Importer(815301076,1909f56bfc062723c751e8b465ee728b)  -> (artifact id: '9655016a5ef1195d1a851e97f95666a5') in 0.059174 seconds 
Number of asset objects unloaded after import = 3
========================================================================
Received Import Request.
  Time since last request: 0.000026 seconds.
  path: Assets/Basketball/Sprites/InGame/Ground3.png
  artifactKey: Guid(42ca1ce91c5daa74dbfce51704e3653c) Importer(815301076,1909f56bfc062723c751e8b465ee728b)
Number of updated assets reloaded before import = 0
Start importing Assets/Basketball/Sprites/InGame/Ground3.png using Guid(42ca1ce91c5daa74dbfce51704e3653c) Importer(815301076,1909f56bfc062723c751e8b465ee728b)  -> (artifact id: '0ccf5527d9e74439acb1291a5da09a45') in 0.038872 seconds 
Number of asset objects unloaded after import = 3
========================================================================
Received Import Request.
  Time since last request: 0.131298 seconds.
  path: Assets/Basketball/Sprites/Menu/MenuAchivmentsBtn.png
  artifactKey: Guid(1de8ab27853fd4d42af36009eaa59a94) Importer(815301076,1909f56bfc062723c751e8b465ee728b)
Number of updated assets reloaded before import = 0
Start importing Assets/Basketball/Sprites/Menu/MenuAchivmentsBtn.png using Guid(1de8ab27853fd4d42af36009eaa59a94) Importer(815301076,1909f56bfc062723c751e8b465ee728b)  -> (artifact id: '8526c3852fb9fb67bebac55ae98229d5') in 0.023846 seconds 
Number of asset objects unloaded after import = 3
========================================================================
Received Import Request.
  Time since last request: 0.342163 seconds.
  path: Assets/Basketball/Sprites/Menu/MenuMusicOffBtn.png
  artifactKey: Guid(31c1d6f3f0eb05f4b8ed3112a8828d29) Importer(815301076,1909f56bfc062723c751e8b465ee728b)
Number of updated assets reloaded before import = 0
Start importing Assets/Basketball/Sprites/Menu/MenuMusicOffBtn.png using Guid(31c1d6f3f0eb05f4b8ed3112a8828d29) Importer(815301076,1909f56bfc062723c751e8b465ee728b)  -> (artifact id: '81a6d6ebf1692ef49d779800a3a6136e') in 0.031180 seconds 
Number of asset objects unloaded after import = 3
========================================================================
Received Import Request.
  Time since last request: 0.000026 seconds.
  path: Assets/Basketball/Sprites/Menu/MenuRateBtn.png
  artifactKey: Guid(43bb9e61be548ef4596633903e048409) Importer(815301076,1909f56bfc062723c751e8b465ee728b)
Number of updated assets reloaded before import = 0
Start importing Assets/Basketball/Sprites/Menu/MenuRateBtn.png using Guid(43bb9e61be548ef4596633903e048409) Importer(815301076,1909f56bfc062723c751e8b465ee728b)  -> (artifact id: 'c74557e72228750cfe577cd6c3152e84') in 0.030871 seconds 
Number of asset objects unloaded after import = 3
========================================================================
Received Import Request.
  Time since last request: 0.000036 seconds.
  path: Assets/Basketball/Sprites/Menu/MenuPlayBtn.png
  artifactKey: Guid(ea2c6cf1e31692c44be43dd115e6d1ac) Importer(815301076,1909f56bfc062723c751e8b465ee728b)
Number of updated assets reloaded before import = 0
Start importing Assets/Basketball/Sprites/Menu/MenuPlayBtn.png using Guid(ea2c6cf1e31692c44be43dd115e6d1ac) Importer(815301076,1909f56bfc062723c751e8b465ee728b)  -> (artifact id: '4ca5da8b38132b1f92b180765a82e665') in 0.029708 seconds 
Number of asset objects unloaded after import = 3
========================================================================
Received Import Request.
  Time since last request: 1.639611 seconds.
  path: Assets/Basketball/Sprites/Pause/PlayBtn.png
  artifactKey: Guid(d3c11dffcd989374caef28bab34e3b15) Importer(815301076,1909f56bfc062723c751e8b465ee728b)
Number of updated assets reloaded before import = 0
Start importing Assets/Basketball/Sprites/Pause/PlayBtn.png using Guid(d3c11dffcd989374caef28bab34e3b15) Importer(815301076,1909f56bfc062723c751e8b465ee728b)  -> (artifact id: 'b06bd69b898c815cd1e1140852028f08') in 0.030761 seconds 
Number of asset objects unloaded after import = 3
Editor requested this worker to shutdown with reason: Scaling down because of idle timeout
AssetImportWorker is now disconnected from the server
Process exiting
Exiting without the bug reporter. Application will terminate with return code 0